Unity Editor version:    2022.3.21f1 (bf09ca542b87)
Branch:                  2022.3/staging
Build type:              Release
Batch mode:              YES
System name:             Linux
Distro version:          #1 SMP PREEMPT_DYNAMIC Wed Mar  6 19:35:04 UTC 2024
Kernel version:          6.7.9-200.fc39.x86_64
Architecture:            x86_64
Available memory:        15400 MB
Using pre-set license
Pro License: YES
Gtk-Message: 04:54:19.963: Failed to load module "canberra-gtk-module"
Gtk-Message: 04:54:19.963: Failed to load module "pk-gtk-module"
Gtk-Message: 04:54:19.964: Failed to load module "canberra-gtk-module"
Gtk-Message: 04:54:19.964: Failed to load module "pk-gtk-module"

(Unity:2699): Gtk-CRITICAL **: 04:54:19.977: gtk_window_set_default_icon: assertion 'GDK_IS_PIXBUF (icon)' failed

(Unity:2699): GLib-GObject-CRITICAL **: 04:54:19.977: g_object_unref: assertion 'G_IS_OBJECT (object)' failed
Desktop is 1920 x 1080 @ 60 Hz
Initialize udev device monitor.

COMMAND LINE ARGUMENTS:
Unity
-adb2
-batchMode
-noUpm
-name
AssetImportWorker2
-projectPath
/home/aziz/Work/Platformer/Platformer
-logFile
Logs/AssetImportWorker2.log
-srvPort
40125
Successfully changed project path to: /home/aziz/Work/Platformer/Platformer
/home/aziz/Work/Platformer/Platformer
[UnityMemory] Configuration Parameters - Can be set up in boot.config
    "memorysetup-bucket-allocator-granularity=16"
    "memorysetup-bucket-allocator-bucket-count=8"
    "memorysetup-bucket-allocator-block-size=33554432"
    "memorysetup-bucket-allocator-block-count=8"
    "memorysetup-main-allocator-block-size=16777216"
    "memorysetup-thread-allocator-block-size=16777216"
    "memorysetup-gfx-main-allocator-block-size=16777216"
    "memorysetup-gfx-thread-allocator-block-size=16777216"
    "memorysetup-cache-allocator-block-size=4194304"
    "memorysetup-typetree-allocator-block-size=2097152"
    "memorysetup-profiler-bucket-allocator-granularity=16"
    "memorysetup-profiler-bucket-allocator-bucket-count=8"
    "memorysetup-profiler-bucket-allocator-block-size=33554432"
    "memorysetup-profiler-bucket-allocator-block-count=8"
    "memorysetup-profiler-allocator-block-size=16777216"
    "memorysetup-profiler-editor-allocator-block-size=1048576"
    "memorysetup-temp-allocator-size-main=16777216"
    "memorysetup-job-temp-allocator-block-size=2097152"
    "memorysetup-job-temp-allocator-block-size-background=1048576"
    "memorysetup-job-temp-allocator-reduction-small-platforms=262144"
    "memorysetup-allocator-temp-initial-block-size-main=262144"
    "memorysetup-allocator-temp-initial-block-size-worker=262144"
    "memorysetup-temp-allocator-size-background-worker=32768"
    "memorysetup-temp-allocator-size-job-worker=262144"
    "memorysetup-temp-allocator-size-preload-manager=33554432"
    "memorysetup-temp-allocator-size-nav-mesh-worker=65536"
    "memorysetup-temp-allocator-size-audio-worker=65536"
    "memorysetup-temp-allocator-size-cloud-worker=32768"
    "memorysetup-temp-allocator-size-gi-baking-worker=262144"
    "memorysetup-temp-allocator-size-gfx=262144"
Player connection [140176693555904] Host "[IP] 192.168.0.102 [Port] 0 [Flags] 2 [Guid] 1157107743 [EditorId] 1157107743 [Version] 1048832 [Id] LinuxEditor(16,192.168.0.102) [Debug] 1 [PackageName] LinuxEditor [ProjectName] Editor" joined multi-casting on [225.0.0.222:54997]...

Player connection [140176693555904] Host "[IP] 192.168.0.102 [Port] 0 [Flags] 2 [Guid] 1157107743 [EditorId] 1157107743 [Version] 1048832 [Id] LinuxEditor(16,192.168.0.102) [Debug] 1 [PackageName] LinuxEditor [ProjectName] Editor" joined alternative multi-casting on [225.0.0.222:34997]...

[Physics::Module] Initialized MultithreadedJobDispatcher with 15 workers.
Refreshing native plugins compatible for Editor in 5.64 ms, found 1 plugins.
Preloading 0 native plugins for Editor in 0.00 ms.
Initialize engine version: 2022.3.21f1 (bf09ca542b87)
[Subsystems] Discovering subsystems at path /home/aziz/.var/app/com.unity.UnityHub/Editors/2022.3.21f1/Editor/Data/Resources/UnitySubsystems
[Subsystems] Discovering subsystems at path /home/aziz/Work/Platformer/Platformer/Assets
GLX Extensions: GLX_ARB_context_flush_control GLX_ARB_create_context GLX_ARB_create_context_no_error GLX_ARB_create_context_profile GLX_ARB_create_context_robustness GLX_ARB_fbconfig_float GLX_ARB_framebuffer_sRGB GLX_ARB_get_proc_address GLX_ARB_multisample GLX_EXT_buffer_age GLX_EXT_create_context_es2_profile GLX_EXT_create_context_es_profile GLX_EXT_fbconfig_packed_float GLX_EXT_framebuffer_sRGB GLX_EXT_import_context GLX_EXT_no_config_context GLX_EXT_swap_control GLX_EXT_swap_control_tear GLX_EXT_texture_from_pixmap GLX_EXT_visual_info GLX_EXT_visual_rating GLX_INTEL_swap_event GLX_MESA_copy_sub_buffer GLX_MESA_gl_interop GLX_MESA_query_renderer GLX_MESA_swap_control GLX_OML_sync_control GLX_SGIS_multisample GLX_SGIX_fbconfig GLX_SGIX_pbuffer GLX_SGIX_visual_select_group GLX_SGI_make_current_read GLX_SGI_swap_control GLX_SGI_video_sync 
Renderer: AMD Radeon Graphics (radeonsi, renoir, LLVM 15.0.7, DRM 3.57, 6.7.9-200.fc39.x86_64)
Vendor:   AMD
Version:  4.6 (Core Profile) Mesa 23.3.5 (git-ace31d82e0)
GLES:     0
 GL_AMD_conservative_depth GL_AMD_depth_clamp_separate GL_AMD_draw_buffers_blend GL_AMD_framebuffer_multisample_advanced GL_AMD_gpu_shader_int64 GL_AMD_multi_draw_indirect GL_AMD_performance_monitor GL_AMD_pinned_memory GL_AMD_query_buffer_object GL_AMD_seamless_cubemap_per_texture GL_AMD_shader_stencil_export GL_AMD_shader_trinary_minmax GL_AMD_texture_texture4 GL_AMD_vertex_shader_layer GL_AMD_vertex_shader_viewport_index GL_ANGLE_texture_compression_dxt3 GL_ANGLE_texture_compression_dxt5 GL_ARB_ES2_compatibility GL_ARB_ES3_1_compatibility GL_ARB_ES3_2_compatibility GL_ARB_ES3_compatibility GL_ARB_arrays_of_arrays GL_ARB_base_instance GL_ARB_bindless_texture GL_ARB_blend_func_extended GL_ARB_buffer_storage GL_ARB_clear_buffer_object GL_ARB_clear_texture GL_ARB_clip_control GL_ARB_color_buffer_float GL_ARB_compressed_texture_pixel_storage GL_ARB_compute_shader GL_ARB_compute_variable_group_size GL_ARB_conditional_render_inverted GL_ARB_conservative_depth GL_ARB_copy_buffer GL_ARB_copy_image GL_ARB_cull_dist
ance GL_ARB_debug_output GL_ARB_depth_buffer_float GL_ARB_depth_clamp GL_ARB_derivative_control GL_ARB_direct_state_access GL_ARB_draw_buffers GL_ARB_draw_buffers_blend GL_ARB_draw_elements_base_vertex GL_ARB_draw_indirect GL_ARB_draw_instanced GL_ARB_enhanced_layouts GL_ARB_explicit_attrib_location GL_ARB_explicit_uniform_location GL_ARB_fragment_coord_conventions GL_ARB_fragment_layer_viewport GL_ARB_fragment_shader GL_ARB_framebuffer_no_attachments GL_ARB_framebuffer_object GL_ARB_framebuffer_sRGB GL_ARB_get_program_binary GL_ARB_get_texture_sub_image GL_ARB_gl_spirv GL_ARB_gpu_shader5 GL_ARB_gpu_shader_fp64 GL_ARB_gpu_shader_int64 GL_ARB_half_float_pixel GL_ARB_half_float_vertex GL_ARB_indirect_parameters GL_ARB_instanced_arrays GL_ARB_internalformat_query GL_ARB_internalformat_query2 GL_ARB_invalidate_subdata GL_ARB_map_buffer_alignment GL_ARB_map_buffer_range GL_ARB_multi_bind GL_ARB_multi_draw_indirect GL_ARB_occlusion_query2 GL_ARB_parallel_shader_compile GL_ARB_pipeline_statistics_query GL_ARB_pixel
_buffer_object GL_ARB_point_sprite GL_ARB_polygon_offset_clamp GL_ARB_program_interface_query GL_ARB_provoking_vertex GL_ARB_query_buffer_object GL_ARB_robust_buffer_access_behavior GL_ARB_robustness GL_ARB_sample_shading GL_ARB_sampler_objects GL_ARB_seamless_cube_map GL_ARB_seamless_cubemap_per_texture GL_ARB_separate_shader_objects GL_ARB_shader_atomic_counter_ops GL_ARB_shader_atomic_counters GL_ARB_shader_ballot GL_ARB_shader_bit_encoding GL_ARB_shader_clock GL_ARB_shader_draw_parameters GL_ARB_shader_group_vote GL_ARB_shader_image_load_store GL_ARB_shader_image_size GL_ARB_shader_objects GL_ARB_shader_precision GL_ARB_shader_stencil_export GL_ARB_shader_storage_buffer_object GL_ARB_shader_subroutine GL_ARB_shader_texture_image_samples GL_ARB_shader_texture_lod GL_ARB_shader_viewport_layer_array GL_ARB_shading_language_420pack GL_ARB_shading_language_include GL_ARB_shading_language_packing GL_ARB_sparse_buffer GL_ARB_sparse_texture GL_ARB_sparse_texture2 GL_ARB_sparse_texture_clamp GL_ARB_spirv_extensio
ns GL_ARB_stencil_texturing GL_ARB_sync GL_ARB_tessellation_shader GL_ARB_texture_barrier GL_ARB_texture_border_clamp GL_ARB_texture_buffer_object GL_ARB_texture_buffer_object_rgb32 GL_ARB_texture_buffer_range GL_ARB_texture_compression_bptc GL_ARB_texture_compression_rgtc GL_ARB_texture_cube_map_array GL_ARB_texture_filter_anisotropic GL_ARB_texture_float GL_ARB_texture_gather GL_ARB_texture_mirror_clamp_to_edge GL_ARB_texture_multisample GL_ARB_texture_non_power_of_two GL_ARB_texture_query_levels GL_ARB_texture_query_lod GL_ARB_texture_rectangle GL_ARB_texture_rg GL_ARB_texture_rgb10_a2ui GL_ARB_texture_stencil8 GL_ARB_texture_storage GL_ARB_texture_storage_multisample GL_ARB_texture_swizzle GL_ARB_texture_view GL_ARB_timer_query GL_ARB_transform_feedback2 GL_ARB_transform_feedback3 GL_ARB_transform_feedback_instanced GL_ARB_transform_feedback_overflow_query GL_ARB_uniform_buffer_object GL_ARB_vertex_array_bgra GL_ARB_vertex_array_object GL_ARB_vertex_attrib_64bit GL_ARB_vertex_attrib_binding GL_ARB_vertex
_buffer_object GL_ARB_vertex_shader GL_ARB_vertex_type_10f_11f_11f_rev GL_ARB_vertex_type_2_10_10_10_rev GL_ARB_viewport_array GL_ATI_blend_equation_separate GL_ATI_meminfo GL_ATI_texture_float GL_ATI_texture_mirror_once GL_EXT_EGL_image_storage GL_EXT_EGL_sync GL_EXT_abgr GL_EXT_blend_equation_separate GL_EXT_debug_label GL_EXT_demote_to_helper_invocation GL_EXT_depth_bounds_test GL_EXT_draw_buffers2 GL_EXT_draw_instanced GL_EXT_framebuffer_blit GL_EXT_framebuffer_multisample GL_EXT_framebuffer_multisample_blit_scaled GL_EXT_framebuffer_object GL_EXT_framebuffer_sRGB GL_EXT_memory_object GL_EXT_memory_object_fd GL_EXT_packed_depth_stencil GL_EXT_packed_float GL_EXT_pixel_buffer_object GL_EXT_polygon_offset_clamp GL_EXT_provoking_vertex GL_EXT_semaphore GL_EXT_semaphore_fd GL_EXT_shader_image_load_formatted GL_EXT_shader_image_load_store GL_EXT_shader_integer_mix GL_EXT_shader_samples_identical GL_EXT_texture_array GL_EXT_texture_compression_dxt1 GL_EXT_texture_compression_rgtc GL_EXT_texture_compression_s3t
c GL_EXT_texture_filter_anisotropic GL_EXT_texture_integer GL_EXT_texture_mirror_clamp GL_EXT_texture_sRGB GL_EXT_texture_sRGB_R8 GL_EXT_texture_sRGB_decode GL_EXT_texture_shadow_lod GL_EXT_texture_shared_exponent GL_EXT_texture_snorm GL_EXT_texture_swizzle GL_EXT_timer_query GL_EXT_transform_feedback GL_EXT_vertex_array_bgra GL_EXT_vertex_attrib_64bit GL_EXT_window_rectangles GL_IBM_multimode_draw_arrays GL_INTEL_blackhole_render GL_KHR_blend_equation_advanced GL_KHR_context_flush_control GL_KHR_debug GL_KHR_no_error GL_KHR_parallel_shader_compile GL_KHR_robust_buffer_access_behavior GL_KHR_robustness GL_KHR_texture_compression_astc_ldr GL_KHR_texture_compression_astc_sliced_3d GL_MESA_framebuffer_flip_y GL_MESA_pack_invert GL_MESA_shader_integer_functions GL_MESA_texture_const_bandwidth GL_MESA_texture_signed_rgba GL_NVX_gpu_memory_info GL_NV_alpha_to_coverage_dither_control GL_NV_compute_shader_derivatives GL_NV_conditional_render GL_NV_copy_image GL_NV_depth_clamp GL_NV_packed_depth_stencil GL_NV_shader_
atomic_int64 GL_NV_texture_barrier GL_NV_vdpau_interop GL_OES_EGL_image GL_S3_s3tc
OPENGL LOG: Creating OpenGL 4.6 graphics device ; Context level  <OpenGL 4.5> ; Context handle 338215376
Initialize mono
Mono path[0] = '/home/aziz/.var/app/com.unity.UnityHub/Editors/2022.3.21f1/Editor/Data/Managed'
Mono path[1] = '/home/aziz/.var/app/com.unity.UnityHub/Editors/2022.3.21f1/Editor/Data/MonoBleedingEdge/lib/mono/unityjit-linux'
Mono config path = '/home/aziz/.var/app/com.unity.UnityHub/Editors/2022.3.21f1/Editor/Data/MonoBleedingEdge/etc'
Using monoOptions --debugger-agent=transport=dt_socket,embedding=1,server=y,suspend=n,address=127.0.0.1:56699
Begin MonoManager ReloadAssembly
Registering precompiled unity dll's ...
Register platform support module: /home/aziz/.var/app/com.unity.UnityHub/Editors/2022.3.21f1/Editor/Data/PlaybackEngines/WebGLSupport/UnityEditor.WebGL.Extensions.dll
Register platform support module: /home/aziz/.var/app/com.unity.UnityHub/Editors/2022.3.21f1/Editor/Data/PlaybackEngines/LinuxStandaloneSupport/UnityEditor.LinuxStandalone.Extensions.dll
Registered in 0.014279 seconds.
- Loaded All Assemblies, in  0.348 seconds
Native extension for LinuxStandalone target not found
Native extension for WebGL target not found
Mono: successfully reloaded assembly
- Finished resetting the current domain, in  0.312 seconds
Domain Reload Profiling: 660ms
	BeginReloadAssembly (85ms)
		ExecutionOrderSort (0ms)
		DisableScriptedObjects (0ms)
		BackupInstance (0ms)
		ReleaseScriptingObjects (0ms)
		CreateAndSetChildDomain (1ms)
	RebuildCommonClasses (38ms)
	RebuildNativeTypeToScriptingClass (7ms)
	initialDomainReloadingComplete (72ms)
	LoadAllAssembliesAndSetupDomain (145ms)
		LoadAssemblies (84ms)
		RebuildTransferFunctionScriptingTraits (0ms)
		AnalyzeDomain (143ms)
			TypeCache.Refresh (142ms)
				TypeCache.ScanAssembly (128ms)
			ScanForSourceGeneratedMonoScriptInfo (0ms)
			ResolveRequiredComponents (0ms)
	FinalizeReload (313ms)
		ReleaseScriptCaches (0ms)
		RebuildScriptCaches (0ms)
		SetupLoadedEditorAssemblies (239ms)
			LogAssemblyErrors (0ms)
			InitializePlatformSupportModulesInManaged (13ms)
			SetLoadedEditorAssemblies (6ms)
			RefreshPlugins (0ms)
			BeforeProcessingInitializeOnLoad (2ms)
			ProcessInitializeOnLoadAttributes (164ms)
			ProcessInitializeOnLoadMethodAttributes (54ms)
			AfterProcessingInitializeOnLoad (0ms)
			EditorAssembliesLoaded (0ms)
		ExecutionOrderSort2 (0ms)
		AwakeInstancesAfterBackupRestoration (0ms)
========================================================================
Worker process is ready to serve import requests
Begin MonoManager ReloadAssembly
- Loaded All Assemblies, in  0.640 seconds
Refreshing native plugins compatible for Editor in 2.39 ms, found 1 plugins.
Native extension for LinuxStandalone target not found
Native extension for WebGL target not found
Package Manager log level set to [2]
[Package Manager] Server::EnsureServerProcessIsRunning -- launch failed, reason: Unity was launched with the -noUpm command-line argument
[Package Manager] UpmClient::Send -- Unable to send message (not connected to UPM process).
[Package Manager] Cannot connect to Unity Package Manager local server
Mono: successfully reloaded assembly
- Finished resetting the current domain, in  0.667 seconds
Domain Reload Profiling: 1307ms
	BeginReloadAssembly (128ms)
		ExecutionOrderSort (0ms)
		DisableScriptedObjects (6ms)
		BackupInstance (0ms)
		ReleaseScriptingObjects (0ms)
		CreateAndSetChildDomain (26ms)
	RebuildCommonClasses (36ms)
	RebuildNativeTypeToScriptingClass (7ms)
	initialDomainReloadingComplete (49ms)
	LoadAllAssembliesAndSetupDomain (418ms)
		LoadAssemblies (300ms)
		RebuildTransferFunctionScriptingTraits (0ms)
		AnalyzeDomain (179ms)
			TypeCache.Refresh (152ms)
				TypeCache.ScanAssembly (135ms)
			ScanForSourceGeneratedMonoScriptInfo (21ms)
			ResolveRequiredComponents (4ms)
	FinalizeReload (668ms)
		ReleaseScriptCaches (0ms)
		RebuildScriptCaches (0ms)
		SetupLoadedEditorAssemblies (491ms)
			LogAssemblyErrors (0ms)
			InitializePlatformSupportModulesInManaged (10ms)
			SetLoadedEditorAssemblies (4ms)
			RefreshPlugins (0ms)
			BeforeProcessingInitializeOnLoad (68ms)
			ProcessInitializeOnLoadAttributes (355ms)
			ProcessInitializeOnLoadMethodAttributes (45ms)
			AfterProcessingInitializeOnLoad (8ms)
			EditorAssembliesLoaded (0ms)
		ExecutionOrderSort2 (0ms)
		AwakeInstancesAfterBackupRestoration (5ms)
Launched and connected shader compiler UnityShaderCompiler after 0.02 seconds
Refreshing native plugins compatible for Editor in 2.31 ms, found 1 plugins.
Preloading 0 native plugins for Editor in 0.00 ms.
Unloading 4042 Unused Serialized files (Serialized files now loaded: 0)
Unloading 64 unused Assets / (52.1 KB). Loaded Objects now: 4504.
Memory consumption went from 139.9 MB to 139.8 MB.
Total: 4.866748 ms (FindLiveObjects: 0.293902 ms CreateObjectMapping: 0.131887 ms MarkObjects: 4.046920 ms  DeleteObjects: 0.392977 ms)

AssetImportParameters requested are different than current active one (requested -> active):
  custom:container-demuxer-ogg: 62fdf1f143b41e24485cea50d1cbac27 -> 
  custom:video-decoder-ogg-theora: a1e56fd34408186e4bbccfd4996cb3dc -> 
  custom:CustomObjectIndexerAttribute: 232f87dd983dbecb2a4e21e08eb2cef8 -> 
  custom:container-demuxer-webm: 4f35f7cbe854078d1ac9338744f61a02 -> 
  custom:container-muxer-webm: aa71ff27fc2769a1b78a27578f13a17b -> 
  custom:video-decoder-webm-vp8: 9c59270c3fd7afecdb556c50c9e8de78 -> 
  custom:SearchIndexIgnoredProperties: e643bd26f0fe6173181afceb89e7c659 -> 
  custom:AudioImporter_EditorPlatform: 2f0ff77a95e0ac474e3e8eeba4e2f7cb -> 
  custom:video-encoder-webm-vp8: eb34c28f22e8b96e1ab97ce403110664 -> 
  custom:audio-decoder-ogg-vorbis: bf7c407c2cedff20999df2af8eb42d56 -> 
  custom:audio-encoder-webm-vorbis: bf7c407c2cedff20999df2af8eb42d56 -> 
========================================================================
Received Import Request.
  Time since last request: 8235.472026 seconds.
  path: Assets/Images/Soldier/frame_2_2.png
  artifactKey: Guid(36f7ee0c9d39af3da95ebabfa18fec7b) Importer(2089858483,0ecaa5967403d082aa24f35e1b516d23)
Start importing Assets/Images/Soldier/frame_2_2.png using Guid(36f7ee0c9d39af3da95ebabfa18fec7b) Importer(2089858483,0ecaa5967403d082aa24f35e1b516d23)  -> (artifact id: '8a62e103a438db92262612b1cee985a6') in 0.144669 seconds
Number of updated asset objects reloaded before import = 0
Number of asset objects unloaded after import = 3
========================================================================
Received Import Request.
  Time since last request: 0.000025 seconds.
  path: Assets/Images/Soldier/frame_8_2.png
  artifactKey: Guid(63880761721473dedadd6ec1557f6974) Importer(2089858483,0ecaa5967403d082aa24f35e1b516d23)
Start importing Assets/Images/Soldier/frame_8_2.png using Guid(63880761721473dedadd6ec1557f6974) Importer(2089858483,0ecaa5967403d082aa24f35e1b516d23)  -> (artifact id: '4a9f9f3950496870bf6aeb6c67d575dd') in 0.010935 seconds
Number of updated asset objects reloaded before import = 0
Number of asset objects unloaded after import = 3
========================================================================
Received Import Request.
  Time since last request: 0.000029 seconds.
  path: Assets/Anim/Bullet/Bullet_1.anim
  artifactKey: Guid(2b5198b13bfd74a73b8dacf2a1c7ba30) Importer(2089858483,0ecaa5967403d082aa24f35e1b516d23)
Start importing Assets/Anim/Bullet/Bullet_1.anim using Guid(2b5198b13bfd74a73b8dacf2a1c7ba30) Importer(2089858483,0ecaa5967403d082aa24f35e1b516d23)  -> (artifact id: '2181d594cff95e0a5694cf8c8ca36afc') in 0.016627 seconds
Number of updated asset objects reloaded before import = 0
Number of asset objects unloaded after import = 1
========================================================================
Received Import Request.
  Time since last request: 0.000014 seconds.
  path: Assets/Images/Enemy/german/frame_3_4.png
  artifactKey: Guid(b7c85ebec391d57bcb31db12ed559fdb) Importer(2089858483,0ecaa5967403d082aa24f35e1b516d23)
Start importing Assets/Images/Enemy/german/frame_3_4.png using Guid(b7c85ebec391d57bcb31db12ed559fdb) Importer(2089858483,0ecaa5967403d082aa24f35e1b516d23)  -> (artifact id: 'd1f19f5f517bee89b02eed94aeac9902') in 0.010871 seconds
Number of updated asset objects reloaded before import = 0
Number of asset objects unloaded after import = 3
========================================================================
Received Import Request.
  Time since last request: 0.000015 seconds.
  path: Assets/Images/Enemy/german/frame_2_11.png
  artifactKey: Guid(105455e37c12814ca8dac0f572db201a) Importer(2089858483,0ecaa5967403d082aa24f35e1b516d23)
Start importing Assets/Images/Enemy/german/frame_2_11.png using Guid(105455e37c12814ca8dac0f572db201a) Importer(2089858483,0ecaa5967403d082aa24f35e1b516d23)  -> (artifact id: 'a91498c384e71891dfc96f478bd56195') in 0.012021 seconds
Number of updated asset objects reloaded before import = 0
Number of asset objects unloaded after import = 3
========================================================================
Received Import Request.
  Time since last request: 0.000014 seconds.
  path: Assets/Images/Land/War Camp 42.42.png
  artifactKey: Guid(e7017d1983d53dd038c11eef754d1328) Importer(2089858483,0ecaa5967403d082aa24f35e1b516d23)
Start importing Assets/Images/Land/War Camp 42.42.png using Guid(e7017d1983d53dd038c11eef754d1328) Importer(2089858483,0ecaa5967403d082aa24f35e1b516d23)  -> (artifact id: '95aa7d70a63fb5b26a0b959ff0af25eb') in 0.034801 seconds
Number of updated asset objects reloaded before import = 0
Number of asset objects unloaded after import = 19
========================================================================
Received Import Request.
  Time since last request: 0.000013 seconds.
  path: Assets/Images/Soldier/frame_0_3.png
  artifactKey: Guid(e6678d9362298dbf49312fa9027b1a7c) Importer(2089858483,0ecaa5967403d082aa24f35e1b516d23)
Start importing Assets/Images/Soldier/frame_0_3.png using Guid(e6678d9362298dbf49312fa9027b1a7c) Importer(2089858483,0ecaa5967403d082aa24f35e1b516d23)  -> (artifact id: '11cfff37a57fbb05f81f6085562cf8c6') in 0.010805 seconds
Number of updated asset objects reloaded before import = 0
Number of asset objects unloaded after import = 3
========================================================================
Received Import Request.
  Time since last request: 0.000014 seconds.
  path: Assets/Anim/Traps/Spike/Spike.anim
  artifactKey: Guid(b27c3971d95f0f329bfe92027ddd6579) Importer(2089858483,0ecaa5967403d082aa24f35e1b516d23)
Start importing Assets/Anim/Traps/Spike/Spike.anim using Guid(b27c3971d95f0f329bfe92027ddd6579) Importer(2089858483,0ecaa5967403d082aa24f35e1b516d23)  -> (artifact id: 'c1444cae22d0ead8b33351e70ee15172') in 0.004572 seconds
Number of updated asset objects reloaded before import = 0
Number of asset objects unloaded after import = 1
========================================================================
Received Import Request.
  Time since last request: 0.000025 seconds.
  path: Assets/Images/Enemy/german/frame_3_7.png
  artifactKey: Guid(71d4fba2fb06dcaa886a5947615486bf) Importer(2089858483,0ecaa5967403d082aa24f35e1b516d23)
Start importing Assets/Images/Enemy/german/frame_3_7.png using Guid(71d4fba2fb06dcaa886a5947615486bf) Importer(2089858483,0ecaa5967403d082aa24f35e1b516d23)  -> (artifact id: '0eabb095c60e2aa1719e32ac3a036e4a') in 0.010803 seconds
Number of updated asset objects reloaded before import = 0
Number of asset objects unloaded after import = 3
========================================================================
Received Import Request.
  Time since last request: 0.000016 seconds.
  path: Assets/Images/Enemy/german/frame_1_8.png
  artifactKey: Guid(281eab1b7332463e7904d3457eb3ca61) Importer(2089858483,0ecaa5967403d082aa24f35e1b516d23)
Start importing Assets/Images/Enemy/german/frame_1_8.png using Guid(281eab1b7332463e7904d3457eb3ca61) Importer(2089858483,0ecaa5967403d082aa24f35e1b516d23)  -> (artifact id: 'ee2c9fe1d223ae59f13c62e02caebc3e') in 0.012287 seconds
Number of updated asset objects reloaded before import = 0
Number of asset objects unloaded after import = 3
========================================================================
Received Import Request.
  Time since last request: 0.000017 seconds.
  path: Assets/Images/Soldier/frame_8_3.png
  artifactKey: Guid(9a6f535d15bac5282870f78a74163a85) Importer(2089858483,0ecaa5967403d082aa24f35e1b516d23)
Start importing Assets/Images/Soldier/frame_8_3.png using Guid(9a6f535d15bac5282870f78a74163a85) Importer(2089858483,0ecaa5967403d082aa24f35e1b516d23)  -> (artifact id: 'f72e9f23e52277ddf2108e97d1c3b196') in 0.012365 seconds
Number of updated asset objects reloaded before import = 0
Number of asset objects unloaded after import = 3
========================================================================
Received Import Request.
  Time since last request: 0.000014 seconds.
  path: Assets/Images/Soldier/frame_5_3.png
  artifactKey: Guid(092dc3d825fc955d1b45f51c1cb77fc2) Importer(2089858483,0ecaa5967403d082aa24f35e1b516d23)
Start importing Assets/Images/Soldier/frame_5_3.png using Guid(092dc3d825fc955d1b45f51c1cb77fc2) Importer(2089858483,0ecaa5967403d082aa24f35e1b516d23)  -> (artifact id: '51c910ad240c1cfcc2688c3009d1a9bf') in 0.013627 seconds
Number of updated asset objects reloaded before import = 0
Number of asset objects unloaded after import = 3
========================================================================
Received Import Request.
  Time since last request: 0.000016 seconds.
  path: Assets/Anim/Bullet/Bullet_hit.anim
  artifactKey: Guid(72a0f45152ec46ca1a8731c3789ee343) Importer(2089858483,0ecaa5967403d082aa24f35e1b516d23)
Start importing Assets/Anim/Bullet/Bullet_hit.anim using Guid(72a0f45152ec46ca1a8731c3789ee343) Importer(2089858483,0ecaa5967403d082aa24f35e1b516d23)  -> (artifact id: '9239ff2f74493c0a5613a121bac92229') in 0.004176 seconds
Number of updated asset objects reloaded before import = 0
Number of asset objects unloaded after import = 1
========================================================================
Received Import Request.
  Time since last request: 0.000035 seconds.
  path: Assets/Images/Soldier/frame_5_0.png
  artifactKey: Guid(4795d919f84e508b4ba1a1db359f8af8) Importer(2089858483,0ecaa5967403d082aa24f35e1b516d23)
Start importing Assets/Images/Soldier/frame_5_0.png using Guid(4795d919f84e508b4ba1a1db359f8af8) Importer(2089858483,0ecaa5967403d082aa24f35e1b516d23)  -> (artifact id: 'fb361a0e80f7438cabcdeaeaa7fc7a2e') in 0.013325 seconds
Number of updated asset objects reloaded before import = 0
Number of asset objects unloaded after import = 3
========================================================================
Received Import Request.
  Time since last request: 0.000015 seconds.
  path: Assets/Images/Soldier/frame_0_1.png
  artifactKey: Guid(b3844c3dbfd5265d5ba779459a2b671b) Importer(2089858483,0ecaa5967403d082aa24f35e1b516d23)
Start importing Assets/Images/Soldier/frame_0_1.png using Guid(b3844c3dbfd5265d5ba779459a2b671b) Importer(2089858483,0ecaa5967403d082aa24f35e1b516d23)  -> (artifact id: '8fe7d2f453194a9db4a476063768117b') in 0.011706 seconds
Number of updated asset objects reloaded before import = 0
Number of asset objects unloaded after import = 3
========================================================================
Received Import Request.
  Time since last request: 0.000015 seconds.
  path: Assets/Images/Soldier/frame_1_2.png
  artifactKey: Guid(edb04ee0650a2b92484b3b71ea67503a) Importer(2089858483,0ecaa5967403d082aa24f35e1b516d23)
Start importing Assets/Images/Soldier/frame_1_2.png using Guid(edb04ee0650a2b92484b3b71ea67503a) Importer(2089858483,0ecaa5967403d082aa24f35e1b516d23)  -> (artifact id: '14c512fc4771d60198255f2d2bd61478') in 0.014538 seconds
Number of updated asset objects reloaded before import = 0
Number of asset objects unloaded after import = 3
========================================================================
Received Import Request.
  Time since last request: 0.000019 seconds.
  path: Assets/Images/Enemy/german/frame_3_5.png
  artifactKey: Guid(e4098ba7cd2f3752db7289ce598c8bb9) Importer(2089858483,0ecaa5967403d082aa24f35e1b516d23)
Start importing Assets/Images/Enemy/german/frame_3_5.png using Guid(e4098ba7cd2f3752db7289ce598c8bb9) Importer(2089858483,0ecaa5967403d082aa24f35e1b516d23)  -> (artifact id: '42b199865273a198c47e9f0e6cab722f') in 0.013565 seconds
Number of updated asset objects reloaded before import = 0
Number of asset objects unloaded after import = 3
========================================================================
Received Import Request.
  Time since last request: 0.000025 seconds.
  path: Assets/Images/heart_bonus.png
  artifactKey: Guid(35cecbe4a9a4de8218c198409e68b683) Importer(2089858483,0ecaa5967403d082aa24f35e1b516d23)
Start importing Assets/Images/heart_bonus.png using Guid(35cecbe4a9a4de8218c198409e68b683) Importer(2089858483,0ecaa5967403d082aa24f35e1b516d23)  -> (artifact id: '75d914724a41b2a180a2681c5fbdec51') in 0.013537 seconds
Number of updated asset objects reloaded before import = 0
Number of asset objects unloaded after import = 3
========================================================================
Received Import Request.
  Time since last request: 0.000012 seconds.
  path: Assets/Images/Soldier/frame_7_3.png
  artifactKey: Guid(aed149129e3d76688b3f36b10ca8e482) Importer(2089858483,0ecaa5967403d082aa24f35e1b516d23)
Start importing Assets/Images/Soldier/frame_7_3.png using Guid(aed149129e3d76688b3f36b10ca8e482) Importer(2089858483,0ecaa5967403d082aa24f35e1b516d23)  -> (artifact id: 'aa083342aae87b570f38dfe57bb99fdb') in 0.015421 seconds
Number of updated asset objects reloaded before import = 0
Number of asset objects unloaded after import = 3
========================================================================
Received Import Request.
  Time since last request: 0.000015 seconds.
  path: Assets/Images/square-128.png
  artifactKey: Guid(9e71a3ed83713312e90bc0a76dac1985) Importer(2089858483,0ecaa5967403d082aa24f35e1b516d23)
Start importing Assets/Images/square-128.png using Guid(9e71a3ed83713312e90bc0a76dac1985) Importer(2089858483,0ecaa5967403d082aa24f35e1b516d23)  -> (artifact id: 'b873dd25ee2f2ddf978886dd58a9da3f') in 0.012380 seconds
Number of updated asset objects reloaded before import = 0
Number of asset objects unloaded after import = 3
========================================================================
Received Import Request.
  Time since last request: 0.000030 seconds.
  path: Assets/Anim/Player/Shoot.anim
  artifactKey: Guid(8d7b49ed0a917083bbc1468f2eea755a) Importer(2089858483,0ecaa5967403d082aa24f35e1b516d23)
Start importing Assets/Anim/Player/Shoot.anim using Guid(8d7b49ed0a917083bbc1468f2eea755a) Importer(2089858483,0ecaa5967403d082aa24f35e1b516d23)  -> (artifact id: '83113406168b11aacf2f379f72500fb1') in 0.003928 seconds
Number of updated asset objects reloaded before import = 0
Number of asset objects unloaded after import = 1
========================================================================
Received Import Request.
  Time since last request: 0.000013 seconds.
  path: Assets/Images/Soldier/frame_9_0.png
  artifactKey: Guid(44459522d7578354f8f2d25143dd7c65) Importer(2089858483,0ecaa5967403d082aa24f35e1b516d23)
Start importing Assets/Images/Soldier/frame_9_0.png using Guid(44459522d7578354f8f2d25143dd7c65) Importer(2089858483,0ecaa5967403d082aa24f35e1b516d23)  -> (artifact id: 'df6a9ca7f9b42a4efa8da72b50484cf1') in 0.013532 seconds
Number of updated asset objects reloaded before import = 0
Number of asset objects unloaded after import = 3
========================================================================
Received Import Request.
  Time since last request: 0.000013 seconds.
  path: Assets/Images/Enemy/german/frame_2_4.png
  artifactKey: Guid(c7640072ff30dd5fc9021db126c8089f) Importer(2089858483,0ecaa5967403d082aa24f35e1b516d23)
Start importing Assets/Images/Enemy/german/frame_2_4.png using Guid(c7640072ff30dd5fc9021db126c8089f) Importer(2089858483,0ecaa5967403d082aa24f35e1b516d23)  -> (artifact id: 'd382dafce4e7d7c801686310737ee2d9') in 0.011469 seconds
Number of updated asset objects reloaded before import = 0
Number of asset objects unloaded after import = 3
========================================================================
Received Import Request.
  Time since last request: 0.000014 seconds.
  path: Assets/Scripts/Player/PlayerShoot.cs
  artifactKey: Guid(10ff301b2e5a7b6d2a26ee0f86fae6a1) Importer(2089858483,0ecaa5967403d082aa24f35e1b516d23)
Start importing Assets/Scripts/Player/PlayerShoot.cs using Guid(10ff301b2e5a7b6d2a26ee0f86fae6a1) Importer(2089858483,0ecaa5967403d082aa24f35e1b516d23)  -> (artifact id: 'c7bba8384b01f4ce0bac674b2988a975') in 0.003726 seconds
Number of updated asset objects reloaded before import = 0
Number of asset objects unloaded after import = 1
========================================================================
Received Import Request.
  Time since last request: 0.000023 seconds.
  path: Assets/Images/Enemy/german/frame_0_9.png
  artifactKey: Guid(8220cf7726c2717f9b316c321b6c8181) Importer(2089858483,0ecaa5967403d082aa24f35e1b516d23)
Start importing Assets/Images/Enemy/german/frame_0_9.png using Guid(8220cf7726c2717f9b316c321b6c8181) Importer(2089858483,0ecaa5967403d082aa24f35e1b516d23)  -> (artifact id: '6e81847a32a7b7bcdc556bffedce947c') in 0.012560 seconds
Number of updated asset objects reloaded before import = 0
Number of asset objects unloaded after import = 3
========================================================================
Received Import Request.
  Time since last request: 0.000014 seconds.
  path: Assets/Images/Enemy/german/frame_2_8.png
  artifactKey: Guid(2be42b9543e1d46f99a5eee0218f9072) Importer(2089858483,0ecaa5967403d082aa24f35e1b516d23)
Start importing Assets/Images/Enemy/german/frame_2_8.png using Guid(2be42b9543e1d46f99a5eee0218f9072) Importer(2089858483,0ecaa5967403d082aa24f35e1b516d23)  -> (artifact id: '798024162caea904b5fefa710e25d34f') in 0.013911 seconds
Number of updated asset objects reloaded before import = 0
Number of asset objects unloaded after import = 3
========================================================================
Received Import Request.
  Time since last request: 0.000013 seconds.
  path: Assets/Scripts/Health/HealthBar.cs
  artifactKey: Guid(24b55de97dd38f80190d3451a786db6b) Importer(2089858483,0ecaa5967403d082aa24f35e1b516d23)
Start importing Assets/Scripts/Health/HealthBar.cs using Guid(24b55de97dd38f80190d3451a786db6b) Importer(2089858483,0ecaa5967403d082aa24f35e1b516d23)  -> (artifact id: 'e7d9ffdf1ea0afd149a579c9df828bec') in 0.003309 seconds
Number of updated asset objects reloaded before import = 0
Number of asset objects unloaded after import = 1
========================================================================
Received Import Request.
  Time since last request: 0.000017 seconds.
  path: Assets/Images/Enemy/german/frame_3_2.png
  artifactKey: Guid(f2cbaa7c4a1757a28968dc3b210e6e97) Importer(2089858483,0ecaa5967403d082aa24f35e1b516d23)
Start importing Assets/Images/Enemy/german/frame_3_2.png using Guid(f2cbaa7c4a1757a28968dc3b210e6e97) Importer(2089858483,0ecaa5967403d082aa24f35e1b516d23)  -> (artifact id: '346c8b2a0cb1e5ba5b891d6b78b7c6aa') in 0.011645 seconds
Number of updated asset objects reloaded before import = 0
Number of asset objects unloaded after import = 3
========================================================================
Received Import Request.
  Time since last request: 0.000027 seconds.
  path: Assets/Anim/Player/Stand.anim
  artifactKey: Guid(35c2fe1cf6ba4466081c3e9dd24b6965) Importer(2089858483,0ecaa5967403d082aa24f35e1b516d23)
Start importing Assets/Anim/Player/Stand.anim using Guid(35c2fe1cf6ba4466081c3e9dd24b6965) Importer(2089858483,0ecaa5967403d082aa24f35e1b516d23)  -> (artifact id: '631479b643801ab6115bd2d357bf5103') in 0.004851 seconds
Number of updated asset objects reloaded before import = 0
Number of asset objects unloaded after import = 1
========================================================================
Received Import Request.
  Time since last request: 0.000016 seconds.
  path: Assets/Images/Soldier/frame_8_0.png
  artifactKey: Guid(e69b4b9aa2fc4f11f920c05143298494) Importer(2089858483,0ecaa5967403d082aa24f35e1b516d23)
Start importing Assets/Images/Soldier/frame_8_0.png using Guid(e69b4b9aa2fc4f11f920c05143298494) Importer(2089858483,0ecaa5967403d082aa24f35e1b516d23)  -> (artifact id: '8419f989ed1e0fb72d98c12eabdba5db') in 0.011910 seconds
Number of updated asset objects reloaded before import = 0
Number of asset objects unloaded after import = 3
========================================================================
Received Import Request.
  Time since last request: 0.000012 seconds.
  path: Assets/Anim/Player/Walk.anim
  artifactKey: Guid(be452b7172f498bd1b174168baf5b431) Importer(2089858483,0ecaa5967403d082aa24f35e1b516d23)
Start importing Assets/Anim/Player/Walk.anim using Guid(be452b7172f498bd1b174168baf5b431) Importer(2089858483,0ecaa5967403d082aa24f35e1b516d23)  -> (artifact id: '4883f9452628a71bf347063715950cc7') in 0.004564 seconds
Number of updated asset objects reloaded before import = 0
Number of asset objects unloaded after import = 1
========================================================================
Received Import Request.
  Time since last request: 0.000019 seconds.
  path: Assets/Anim/Player/Damage.anim
  artifactKey: Guid(7ba4919dbe4e473e0a59a8b75f27b2c0) Importer(2089858483,0ecaa5967403d082aa24f35e1b516d23)
Start importing Assets/Anim/Player/Damage.anim using Guid(7ba4919dbe4e473e0a59a8b75f27b2c0) Importer(2089858483,0ecaa5967403d082aa24f35e1b516d23)  -> (artifact id: 'a2269e824c58f7948019981d639d049c') in 0.004211 seconds
Number of updated asset objects reloaded before import = 0
Number of asset objects unloaded after import = 1
========================================================================
Received Import Request.
  Time since last request: 0.156736 seconds.
  path: Assets/Images/Enemy/german/frame_3_9.png
  artifactKey: Guid(44cce1ad16a6dc104962ca1de56acd57) Importer(2089858483,0ecaa5967403d082aa24f35e1b516d23)
Start importing Assets/Images/Enemy/german/frame_3_9.png using Guid(44cce1ad16a6dc104962ca1de56acd57) Importer(2089858483,0ecaa5967403d082aa24f35e1b516d23)  -> (artifact id: 'd6b8bc21afde4ebea04657bc99864b33') in 0.010982 seconds
Number of updated asset objects reloaded before import = 0
Number of asset objects unloaded after import = 3
========================================================================
Received Import Request.
  Time since last request: 0.000014 seconds.
  path: Assets/Images/Enemy/german/frame_4_11.png
  artifactKey: Guid(e183ad0b641a663069139abc72460c52) Importer(2089858483,0ecaa5967403d082aa24f35e1b516d23)
Start importing Assets/Images/Enemy/german/frame_4_11.png using Guid(e183ad0b641a663069139abc72460c52) Importer(2089858483,0ecaa5967403d082aa24f35e1b516d23)  -> (artifact id: '0f2c063aa2fa22fd6ef977da1b1b4a9a') in 0.012820 seconds
Number of updated asset objects reloaded before import = 0
Number of asset objects unloaded after import = 3
========================================================================
Received Import Request.
  Time since last request: 0.000015 seconds.
  path: Assets/Images/Enemy/german/frame_5_0.png
  artifactKey: Guid(2d0a13aab688890e08cd7271f4d4a8b2) Importer(2089858483,0ecaa5967403d082aa24f35e1b516d23)
Start importing Assets/Images/Enemy/german/frame_5_0.png using Guid(2d0a13aab688890e08cd7271f4d4a8b2) Importer(2089858483,0ecaa5967403d082aa24f35e1b516d23)  -> (artifact id: '7d90b08f6f8ce4b0379cbe3908c04ad4') in 0.011732 seconds
Number of updated asset objects reloaded before import = 0
Number of asset objects unloaded after import = 3
========================================================================
Received Import Request.
  Time since last request: 0.000018 seconds.
  path: Assets/Images/Enemy/german/frame_5_6.png
  artifactKey: Guid(004820e198bb581bdb8b9ec455f09322) Importer(2089858483,0ecaa5967403d082aa24f35e1b516d23)
Start importing Assets/Images/Enemy/german/frame_5_6.png using Guid(004820e198bb581bdb8b9ec455f09322) Importer(2089858483,0ecaa5967403d082aa24f35e1b516d23)  -> (artifact id: '3a2450bb142b485200a3568f7f2218e4') in 0.012005 seconds
Number of updated asset objects reloaded before import = 0
Number of asset objects unloaded after import = 3
========================================================================
Received Import Request.
  Time since last request: 0.000023 seconds.
  path: Assets/Images/Enemy/german/frame_4_8.png
  artifactKey: Guid(a46ffa1679d7814a2b1f1ea7f5f52c5a) Importer(2089858483,0ecaa5967403d082aa24f35e1b516d23)
Start importing Assets/Images/Enemy/german/frame_4_8.png using Guid(a46ffa1679d7814a2b1f1ea7f5f52c5a) Importer(2089858483,0ecaa5967403d082aa24f35e1b516d23)  -> (artifact id: '325f85d118801a979d7e1268e139fbd4') in 0.013419 seconds
Number of updated asset objects reloaded before import = 0
Number of asset objects unloaded after import = 3
========================================================================
Received Import Request.
  Time since last request: 0.000015 seconds.
  path: Assets/Images/Enemy/german/frame_5_4.png
  artifactKey: Guid(307aa3ffb4cc2dd519d1c196b7069991) Importer(2089858483,0ecaa5967403d082aa24f35e1b516d23)
Start importing Assets/Images/Enemy/german/frame_5_4.png using Guid(307aa3ffb4cc2dd519d1c196b7069991) Importer(2089858483,0ecaa5967403d082aa24f35e1b516d23)  -> (artifact id: 'fdae6975eb2a877c7c5d1ebd566e8dd1') in 0.012803 seconds
Number of updated asset objects reloaded before import = 0
Number of asset objects unloaded after import = 3
========================================================================
Received Import Request.
  Time since last request: 2.819727 seconds.
  path: Assets/Scenes/SampleSceneFirst.unity
  artifactKey: Guid(2cda990e2423bbf4892e6590ba056729) Importer(815301076,1909f56bfc062723c751e8b465ee728b)
Start importing Assets/Scenes/SampleSceneFirst.unity using Guid(2cda990e2423bbf4892e6590ba056729) Importer(815301076,1909f56bfc062723c751e8b465ee728b)  -> (artifact id: '82e433edad5aea925f8b713701c1b772') in 0.000393 seconds
Number of updated asset objects reloaded before import = 0
Number of asset objects unloaded after import = 0
